This file contains any messages produced by compilers while
running configure, to aid debugging if configure makes a mistake.

It was created by udp_examples configure 1.1, which was
generated by GNU Autoconf 2.69.  Invocation command line was

  $ ./configure --no-create --no-recursion

## --------- ##
## Platform. ##
## --------- ##

hostname = vincent-Surface-Pro-3
uname -m = x86_64
uname -r = 4.3.0-reeps
uname -s = Linux
uname -v = #1 SMP Wed Nov 4 19:08:00 PST 2015

/usr/bin/uname -p = unknown
/bin/uname -X     = unknown

/bin/arch              = unknown
/usr/bin/arch -k       = unknown
/usr/convex/getsysinfo = unknown
/usr/bin/hostinfo      = unknown
/bin/machine           = unknown
/usr/bin/oslevel       = unknown
/bin/universe          = unknown

PATH: /home/vincent/.nvm/versions/node/v6.11.4/bin
PATH: /usr/local/sbin
PATH: /usr/local/bin
PATH: /usr/sbin
PATH: /usr/bin
PATH: /sbin
PATH: /bin
PATH: /usr/games
PATH: /usr/local/games
PATH: /snap/bin
PATH: /home/vincent/Dokumente/Elektronik/Stromzaehler/EmbeddedArm/gcc-arm-none-eabi-5_4-2016q3/bin/


## ----------- ##
## Core tests. ##
## ----------- ##

configure:2317: checking for a BSD-compatible install
configure:2385: result: /usr/bin/install -c
configure:2396: checking whether build environment is sane
configure:2451: result: yes
configure:2602: checking for a thread-safe mkdir -p
configure:2641: result: /bin/mkdir -p
configure:2648: checking for gawk
configure:2678: result: no
configure:2648: checking for mawk
configure:2664: found /usr/bin/mawk
configure:2675: result: mawk
configure:2686: checking whether make sets $(MAKE)
configure:2708: result: yes
configure:2737: checking whether make supports nested variables
configure:2754: result: yes
configure:2929: checking for gcc
configure:2945: found /usr/bin/gcc
configure:2956: result: gcc
configure:3185: checking for C compiler version
configure:3194: gcc --version >&5
gcc (Ubuntu 6.3.0-12ubuntu2) 6.3.0 20170406
Copyright (C) 2016 Free Software Foundation, Inc.
This is free software; see the source for copying conditions.  There is NO
warranty; not even for MERCHANTABILITY or FITNESS FOR A PARTICULAR PURPOSE.

configure:3205: $? = 0
configure:3194: gcc -v >&5
Using built-in specs.
COLLECT_GCC=gcc
COLLECT_LTO_WRAPPER=/usr/lib/gcc/x86_64-linux-gnu/6/lto-wrapper
Target: x86_64-linux-gnu
Configured with: ../src/configure -v --with-pkgversion='Ubuntu 6.3.0-12ubuntu2' --with-bugurl=file:///usr/share/doc/gcc-6/README.Bugs --enable-languages=c,ada,c++,java,go,d,fortran,objc,obj-c++ --prefix=/usr --program-suffix=-6 --program-prefix=x86_64-linux-gnu- --enable-shared --enable-linker-build-id --libexecdir=/usr/lib --without-included-gettext --enable-threads=posix --libdir=/usr/lib --enable-nls --with-sysroot=/ --enable-clocale=gnu --enable-libstdcxx-debug --enable-libstdcxx-time=yes --with-default-libstdcxx-abi=new --enable-gnu-unique-object --disable-vtable-verify --enable-libmpx --enable-plugin --enable-default-pie --with-system-zlib --disable-browser-plugin --enable-java-awt=gtk --enable-gtk-cairo --with-java-home=/usr/lib/jvm/java-1.5.0-gcj-6-amd64/jre --enable-java-home --with-jvm-root-dir=/usr/lib/jvm/java-1.5.0-gcj-6-amd64 --with-jvm-jar-dir=/usr/lib/jvm-exports/java-1.5.0-gcj-6-amd64 --with-arch-directory=amd64 --with-ecj-jar=/usr/share/java/eclipse-ecj.jar --with-target-system-zlib --enable-objc-gc=auto --enable-multiarch --disable-werror --with-arch-32=i686 --with-abi=m64 --with-multilib-list=m32,m64,mx32 --enable-multilib --with-tune=generic --enable-checking=release --build=x86_64-linux-gnu --host=x86_64-linux-gnu --target=x86_64-linux-gnu
Thread model: posix
gcc version 6.3.0 20170406 (Ubuntu 6.3.0-12ubuntu2) 
configure:3205: $? = 0
configure:3194: gcc -V >&5
gcc: error: unrecognized command line option '-V'
gcc: fatal error: no input files
compilation terminated.
configure:3205: $? = 1
configure:3194: gcc -qversion >&5
gcc: error: unrecognized command line option '-qversion'; did you mean '--version'?
gcc: fatal error: no input files
compilation terminated.
configure:3205: $? = 1
configure:3225: checking whether the C compiler works
configure:3247: gcc    conftest.c  >&5
configure:3251: $? = 0
configure:3299: result: yes
configure:3302: checking for C compiler default output file name
configure:3304: result: a.out
configure:3310: checking for suffix of executables
configure:3317: gcc -o conftest    conftest.c  >&5
configure:3321: $? = 0
configure:3343: result: 
configure:3365: checking whether we are cross compiling
configure:3373: gcc -o conftest    conftest.c  >&5
configure:3377: $? = 0
configure:3384: ./conftest
configure:3388: $? = 0
configure:3403: result: no
configure:3408: checking for suffix of object files
configure:3430: gcc -c   conftest.c >&5
configure:3434: $? = 0
configure:3455: result: o
configure:3459: checking whether we are using the GNU C compiler
configure:3478: gcc -c   conftest.c >&5
configure:3478: $? = 0
configure:3487: result: yes
configure:3496: checking whether gcc accepts -g
configure:3516: gcc -c -g  conftest.c >&5
configure:3516: $? = 0
configure:3557: result: yes
configure:3574: checking for gcc option to accept ISO C89
configure:3637: gcc  -c -g -O2  conftest.c >&5
configure:3637: $? = 0
configure:3650: result: none needed
configure:3675: checking whether gcc understands -c and -o together
configure:3697: gcc -c conftest.c -o conftest2.o
configure:3700: $? = 0
configure:3697: gcc -c conftest.c -o conftest2.o
configure:3700: $? = 0
configure:3712: result: yes
configure:3740: checking for style of include used by make
configure:3768: result: GNU
configure:3794: checking dependency style of gcc
configure:3905: result: gcc3
configure:3925: checking build system type
configure:3939: result: x86_64-pc-linux-gnu
configure:3959: checking host system type
configure:3972: result: x86_64-pc-linux-gnu
configure:4007: checking how to run the C preprocessor
configure:4038: gcc -E  conftest.c
configure:4038: $? = 0
configure:4052: gcc -E  conftest.c
conftest.c:11:28: fatal error: ac_nonexistent.h: No such file or directory
 #include <ac_nonexistent.h>
                            ^
compilation terminated.
configure:4052: $? = 1
configure: failed program was:
| /* confdefs.h */
| #define PACKAGE_NAME "udp_examples"
| #define PACKAGE_TARNAME "udp_examples"
| #define PACKAGE_VERSION "1.1"
| #define PACKAGE_STRING "udp_examples 1.1"
| #define PACKAGE_BUGREPORT ""
| #define PACKAGE_URL ""
| #define PACKAGE "udp_examples"
| #define VERSION "1.1"
| /* end confdefs.h.  */
| #include <ac_nonexistent.h>
configure:4077: result: gcc -E
configure:4097: gcc -E  conftest.c
configure:4097: $? = 0
configure:4111: gcc -E  conftest.c
conftest.c:11:28: fatal error: ac_nonexistent.h: No such file or directory
 #include <ac_nonexistent.h>
                            ^
compilation terminated.
configure:4111: $? = 1
configure: failed program was:
| /* confdefs.h */
| #define PACKAGE_NAME "udp_examples"
| #define PACKAGE_TARNAME "udp_examples"
| #define PACKAGE_VERSION "1.1"
| #define PACKAGE_STRING "udp_examples 1.1"
| #define PACKAGE_BUGREPORT ""
| #define PACKAGE_URL ""
| #define PACKAGE "udp_examples"
| #define VERSION "1.1"
| /* end confdefs.h.  */
| #include <ac_nonexistent.h>
configure:4140: checking for grep that handles long lines and -e
configure:4198: result: /bin/grep
configure:4203: checking for egrep
configure:4265: result: /bin/grep -E
configure:4270: checking for ANSI C header files
configure:4290: gcc -c -g -O2 -Wall -std=c99 -pedantic  conftest.c >&5
configure:4290: $? = 0
configure:4363: gcc -o conftest -g -O2 -Wall -std=c99 -pedantic   conftest.c  >&5
configure:4363: $? = 0
configure:4363: ./conftest
configure:4363: $? = 0
configure:4374: result: yes
configure:4387: checking for sys/types.h
configure:4387: gcc -c -g -O2 -Wall -std=c99 -pedantic  conftest.c >&5
configure:4387: $? = 0
configure:4387: result: yes
configure:4387: checking for sys/stat.h
configure:4387: gcc -c -g -O2 -Wall -std=c99 -pedantic  conftest.c >&5
configure:4387: $? = 0
configure:4387: result: yes
configure:4387: checking for stdlib.h
configure:4387: gcc -c -g -O2 -Wall -std=c99 -pedantic  conftest.c >&5
configure:4387: $? = 0
configure:4387: result: yes
configure:4387: checking for string.h
configure:4387: gcc -c -g -O2 -Wall -std=c99 -pedantic  conftest.c >&5
configure:4387: $? = 0
configure:4387: result: yes
configure:4387: checking for memory.h
configure:4387: gcc -c -g -O2 -Wall -std=c99 -pedantic  conftest.c >&5
configure:4387: $? = 0
configure:4387: result: yes
configure:4387: checking for strings.h
configure:4387: gcc -c -g -O2 -Wall -std=c99 -pedantic  conftest.c >&5
configure:4387: $? = 0
configure:4387: result: yes
configure:4387: checking for inttypes.h
configure:4387: gcc -c -g -O2 -Wall -std=c99 -pedantic  conftest.c >&5
configure:4387: $? = 0
configure:4387: result: yes
configure:4387: checking for stdint.h
configure:4387: gcc -c -g -O2 -Wall -std=c99 -pedantic  conftest.c >&5
configure:4387: $? = 0
configure:4387: result: yes
configure:4387: checking for unistd.h
configure:4387: gcc -c -g -O2 -Wall -std=c99 -pedantic  conftest.c >&5
configure:4387: $? = 0
configure:4387: result: yes
configure:4399: checking for size_t
configure:4399: gcc -c -g -O2 -Wall -std=c99 -pedantic  conftest.c >&5
configure:4399: $? = 0
configure:4399: gcc -c -g -O2 -Wall -std=c99 -pedantic  conftest.c >&5
conftest.c: In function 'main':
conftest.c:57:21: error: expected expression before ')' token
 if (sizeof ((size_t)))
                     ^
configure:4399: $? = 1
configure: failed program was:
| /* confdefs.h */
| #define PACKAGE_NAME "udp_examples"
| #define PACKAGE_TARNAME "udp_examples"
| #define PACKAGE_VERSION "1.1"
| #define PACKAGE_STRING "udp_examples 1.1"
| #define PACKAGE_BUGREPORT ""
| #define PACKAGE_URL ""
| #define PACKAGE "udp_examples"
| #define VERSION "1.1"
| #define STDC_HEADERS 1
| #define HAVE_SYS_TYPES_H 1
| #define HAVE_SYS_STAT_H 1
| #define HAVE_STDLIB_H 1
| #define HAVE_STRING_H 1
| #define HAVE_MEMORY_H 1
| #define HAVE_STRINGS_H 1
| #define HAVE_INTTYPES_H 1
| #define HAVE_STDINT_H 1
| #define HAVE_UNISTD_H 1
| /* end confdefs.h.  */
| #include <stdio.h>
| #ifdef HAVE_SYS_TYPES_H
| # include <sys/types.h>
| #endif
| #ifdef HAVE_SYS_STAT_H
| # include <sys/stat.h>
| #endif
| #ifdef STDC_HEADERS
| # include <stdlib.h>
| # include <stddef.h>
| #else
| # ifdef HAVE_STDLIB_H
| #  include <stdlib.h>
| # endif
| #endif
| #ifdef HAVE_STRING_H
| # if !defined STDC_HEADERS && defined HAVE_MEMORY_H
| #  include <memory.h>
| # endif
| # include <string.h>
| #endif
| #ifdef HAVE_STRINGS_H
| # include <strings.h>
| #endif
| #ifdef HAVE_INTTYPES_H
| # include <inttypes.h>
| #endif
| #ifdef HAVE_STDINT_H
| # include <stdint.h>
| #endif
| #ifdef HAVE_UNISTD_H
| # include <unistd.h>
| #endif
| int
| main ()
| {
| if (sizeof ((size_t)))
| 	    return 0;
|   ;
|   return 0;
| }
configure:4399: result: yes
configure:4404: checking for ssize_t
configure:4404: gcc -c -g -O2 -Wall -std=c99 -pedantic  conftest.c >&5
configure:4404: $? = 0
configure:4404: gcc -c -g -O2 -Wall -std=c99 -pedantic  conftest.c >&5
conftest.c: In function 'main':
conftest.c:57:22: error: expected expression before ')' token
 if (sizeof ((ssize_t)))
                      ^
configure:4404: $? = 1
configure: failed program was:
| /* confdefs.h */
| #define PACKAGE_NAME "udp_examples"
| #define PACKAGE_TARNAME "udp_examples"
| #define PACKAGE_VERSION "1.1"
| #define PACKAGE_STRING "udp_examples 1.1"
| #define PACKAGE_BUGREPORT ""
| #define PACKAGE_URL ""
| #define PACKAGE "udp_examples"
| #define VERSION "1.1"
| #define STDC_HEADERS 1
| #define HAVE_SYS_TYPES_H 1
| #define HAVE_SYS_STAT_H 1
| #define HAVE_STDLIB_H 1
| #define HAVE_STRING_H 1
| #define HAVE_MEMORY_H 1
| #define HAVE_STRINGS_H 1
| #define HAVE_INTTYPES_H 1
| #define HAVE_STDINT_H 1
| #define HAVE_UNISTD_H 1
| /* end confdefs.h.  */
| #include <stdio.h>
| #ifdef HAVE_SYS_TYPES_H
| # include <sys/types.h>
| #endif
| #ifdef HAVE_SYS_STAT_H
| # include <sys/stat.h>
| #endif
| #ifdef STDC_HEADERS
| # include <stdlib.h>
| # include <stddef.h>
| #else
| # ifdef HAVE_STDLIB_H
| #  include <stdlib.h>
| # endif
| #endif
| #ifdef HAVE_STRING_H
| # if !defined STDC_HEADERS && defined HAVE_MEMORY_H
| #  include <memory.h>
| # endif
| # include <string.h>
| #endif
| #ifdef HAVE_STRINGS_H
| # include <strings.h>
| #endif
| #ifdef HAVE_INTTYPES_H
| # include <inttypes.h>
| #endif
| #ifdef HAVE_STDINT_H
| # include <stdint.h>
| #endif
| #ifdef HAVE_UNISTD_H
| # include <unistd.h>
| #endif
| int
| main ()
| {
| if (sizeof ((ssize_t)))
| 	    return 0;
|   ;
|   return 0;
| }
configure:4404: result: yes
configure:4412: checking for socket
configure:4412: gcc -o conftest -g -O2 -Wall -std=c99 -pedantic   conftest.c  >&5
configure:4412: $? = 0
configure:4412: result: yes
configure:4469: checking for inet_addr
configure:4469: gcc -o conftest -g -O2 -Wall -std=c99 -pedantic   conftest.c  >&5
configure:4469: $? = 0
configure:4469: result: yes
configure:4527: checking for sys/types.h
configure:4527: result: yes
configure:4537: checking for struct sockaddr_in.sin_len
configure:4537: gcc -c -g -O2 -Wall -std=c99 -pedantic  conftest.c >&5
conftest.c: In function 'main':
conftest.c:33:12: error: 'struct sockaddr_in' has no member named 'sin_len'; did you mean 'sin_zero'?
 if (ac_aggr.sin_len)
            ^
conftest.c:32:27: warning: variable 'ac_aggr' set but not used [-Wunused-but-set-variable]
 static struct sockaddr_in ac_aggr;
                           ^~~~~~~
configure:4537: $? = 1
configure: failed program was:
| /* confdefs.h */
| #define PACKAGE_NAME "udp_examples"
| #define PACKAGE_TARNAME "udp_examples"
| #define PACKAGE_VERSION "1.1"
| #define PACKAGE_STRING "udp_examples 1.1"
| #define PACKAGE_BUGREPORT ""
| #define PACKAGE_URL ""
| #define PACKAGE "udp_examples"
| #define VERSION "1.1"
| #define STDC_HEADERS 1
| #define HAVE_SYS_TYPES_H 1
| #define HAVE_SYS_STAT_H 1
| #define HAVE_STDLIB_H 1
| #define HAVE_STRING_H 1
| #define HAVE_MEMORY_H 1
| #define HAVE_STRINGS_H 1
| #define HAVE_INTTYPES_H 1
| #define HAVE_STDINT_H 1
| #define HAVE_UNISTD_H 1
| #define HAVE_SOCKET 1
| #define HAVE_INET_ADDR 1
| #define HAVE_SYS_TYPES_H 1
| /* end confdefs.h.  */
| #ifdef HAVE_SYS_TYPES_H
|                  #include <sys/types.h>
|                  #endif
|                  #include <netinet/in.h>
| 
| int
| main ()
| {
| static struct sockaddr_in ac_aggr;
| if (ac_aggr.sin_len)
| return 0;
|   ;
|   return 0;
| }
configure:4537: gcc -c -g -O2 -Wall -std=c99 -pedantic  conftest.c >&5
conftest.c: In function 'main':
conftest.c:33:19: error: 'struct sockaddr_in' has no member named 'sin_len'; did you mean 'sin_zero'?
 if (sizeof ac_aggr.sin_len)
                   ^
conftest.c:32:27: warning: variable 'ac_aggr' set but not used [-Wunused-but-set-variable]
 static struct sockaddr_in ac_aggr;
                           ^~~~~~~
configure:4537: $? = 1
configure: failed program was:
| /* confdefs.h */
| #define PACKAGE_NAME "udp_examples"
| #define PACKAGE_TARNAME "udp_examples"
| #define PACKAGE_VERSION "1.1"
| #define PACKAGE_STRING "udp_examples 1.1"
| #define PACKAGE_BUGREPORT ""
| #define PACKAGE_URL ""
| #define PACKAGE "udp_examples"
| #define VERSION "1.1"
| #define STDC_HEADERS 1
| #define HAVE_SYS_TYPES_H 1
| #define HAVE_SYS_STAT_H 1
| #define HAVE_STDLIB_H 1
| #define HAVE_STRING_H 1
| #define HAVE_MEMORY_H 1
| #define HAVE_STRINGS_H 1
| #define HAVE_INTTYPES_H 1
| #define HAVE_STDINT_H 1
| #define HAVE_UNISTD_H 1
| #define HAVE_SOCKET 1
| #define HAVE_INET_ADDR 1
| #define HAVE_SYS_TYPES_H 1
| /* end confdefs.h.  */
| #ifdef HAVE_SYS_TYPES_H
|                  #include <sys/types.h>
|                  #endif
|                  #include <netinet/in.h>
| 
| int
| main ()
| {
| static struct sockaddr_in ac_aggr;
| if (sizeof ac_aggr.sin_len)
| return 0;
|   ;
|   return 0;
| }
configure:4537: result: no
configure:4549: checking for socklen_t
configure:4565: gcc -c -g -O2 -Wall -std=c99 -pedantic  conftest.c >&5
conftest.c: In function 'main':
conftest.c:31:11: warning: variable 'x' set but not used [-Wunused-but-set-variable]
 socklen_t x; x = 1; return 0;
           ^
configure:4565: $? = 0
configure:4566: result: yes
configure:4724: checking that generated files are newer than configure
configure:4730: result: done
configure:4753: creating ./config.status

## ---------------- ##
## Cache variables. ##
## ---------------- ##

ac_cv_build=x86_64-pc-linux-gnu
ac_cv_c_compiler_gnu=yes
ac_cv_env_CC_set=
ac_cv_env_CC_value=
ac_cv_env_CFLAGS_set=
ac_cv_env_CFLAGS_value=
ac_cv_env_CPPFLAGS_set=
ac_cv_env_CPPFLAGS_value=
ac_cv_env_CPP_set=
ac_cv_env_CPP_value=
ac_cv_env_LDFLAGS_set=
ac_cv_env_LDFLAGS_value=
ac_cv_env_LIBS_set=
ac_cv_env_LIBS_value=
ac_cv_env_build_alias_set=
ac_cv_env_build_alias_value=
ac_cv_env_host_alias_set=
ac_cv_env_host_alias_value=
ac_cv_env_target_alias_set=
ac_cv_env_target_alias_value=
ac_cv_func_inet_addr=yes
ac_cv_func_socket=yes
ac_cv_header_inttypes_h=yes
ac_cv_header_memory_h=yes
ac_cv_header_stdc=yes
ac_cv_header_stdint_h=yes
ac_cv_header_stdlib_h=yes
ac_cv_header_string_h=yes
ac_cv_header_strings_h=yes
ac_cv_header_sys_stat_h=yes
ac_cv_header_sys_types_h=yes
ac_cv_header_unistd_h=yes
ac_cv_host=x86_64-pc-linux-gnu
ac_cv_member_struct_sockaddr_in_sin_len=no
ac_cv_objext=o
ac_cv_path_EGREP='/bin/grep -E'
ac_cv_path_GREP=/bin/grep
ac_cv_path_install='/usr/bin/install -c'
ac_cv_path_mkdir=/bin/mkdir
ac_cv_prog_AWK=mawk
ac_cv_prog_CPP='gcc -E'
ac_cv_prog_ac_ct_CC=gcc
ac_cv_prog_cc_c89=
ac_cv_prog_cc_g=yes
ac_cv_prog_make_make_set=yes
ac_cv_type_size_t=yes
ac_cv_type_ssize_t=yes
am_cv_CC_dependencies_compiler_type=gcc3
am_cv_make_support_nested_variables=yes
am_cv_prog_cc_c_o=yes

## ----------------- ##
## Output variables. ##
## ----------------- ##

ACLOCAL='${SHELL} "/home/vincent/Dokumente/FH Steinfurt/Semester 5/Netzwerkprogrammierung/Praktikum/Versuch1/udp_examples/missing" aclocal-1.15'
AMDEPBACKSLASH='\'
AMDEP_FALSE='#'
AMDEP_TRUE=''
AMTAR='$${TAR-tar}'
AM_BACKSLASH='\'
AM_DEFAULT_V='$(AM_DEFAULT_VERBOSITY)'
AM_DEFAULT_VERBOSITY='1'
AM_V='$(V)'
AUTOCONF='${SHELL} "/home/vincent/Dokumente/FH Steinfurt/Semester 5/Netzwerkprogrammierung/Praktikum/Versuch1/udp_examples/missing" autoconf'
AUTOHEADER='${SHELL} "/home/vincent/Dokumente/FH Steinfurt/Semester 5/Netzwerkprogrammierung/Praktikum/Versuch1/udp_examples/missing" autoheader'
AUTOMAKE='${SHELL} "/home/vincent/Dokumente/FH Steinfurt/Semester 5/Netzwerkprogrammierung/Praktikum/Versuch1/udp_examples/missing" automake-1.15'
AWK='mawk'
CC='gcc'
CCDEPMODE='depmode=gcc3'
CFLAGS='-g -O2 -Wall -std=c99 -pedantic'
CPP='gcc -E'
CPPFLAGS=''
CYGPATH_W='echo'
DEFS='-DPACKAGE_NAME=\"udp_examples\" -DPACKAGE_TARNAME=\"udp_examples\" -DPACKAGE_VERSION=\"1.1\" -DPACKAGE_STRING=\"udp_examples\ 1.1\" -DPACKAGE_BUGREPORT=\"\" -DPACKAGE_URL=\"\" -DPACKAGE=\"udp_examples\" -DVERSION=\"1.1\" -DSTDC_HEADERS=1 -DHAVE_SYS_TYPES_H=1 -DHAVE_SYS_STAT_H=1 -DHAVE_STDLIB_H=1 -DHAVE_STRING_H=1 -DHAVE_MEMORY_H=1 -DHAVE_STRINGS_H=1 -DHAVE_INTTYPES_H=1 -DHAVE_STDINT_H=1 -DHAVE_UNISTD_H=1 -DHAVE_SOCKET=1 -DHAVE_INET_ADDR=1 -DHAVE_SYS_TYPES_H=1'
DEPDIR='.deps'
ECHO_C=''
ECHO_N='-n'
ECHO_T=''
EGREP='/bin/grep -E'
EXEEXT=''
GREP='/bin/grep'
INSTALL_DATA='${INSTALL} -m 644'
INSTALL_PROGRAM='${INSTALL}'
INSTALL_SCRIPT='${INSTALL}'
INSTALL_STRIP_PROGRAM='$(install_sh) -c -s'
LDFLAGS=''
LIBOBJS=''
LIBS=''
LTLIBOBJS=''
MAKEINFO='${SHELL} "/home/vincent/Dokumente/FH Steinfurt/Semester 5/Netzwerkprogrammierung/Praktikum/Versuch1/udp_examples/missing" makeinfo'
MKDIR_P='/bin/mkdir -p'
OBJEXT='o'
PACKAGE='udp_examples'
PACKAGE_BUGREPORT=''
PACKAGE_NAME='udp_examples'
PACKAGE_STRING='udp_examples 1.1'
PACKAGE_TARNAME='udp_examples'
PACKAGE_URL=''
PACKAGE_VERSION='1.1'
PATH_SEPARATOR=':'
SET_MAKE=''
SHELL='/bin/bash'
STRIP=''
VERSION='1.1'
ac_ct_CC='gcc'
am__EXEEXT_FALSE=''
am__EXEEXT_TRUE='#'
am__fastdepCC_FALSE='#'
am__fastdepCC_TRUE=''
am__include='include'
am__isrc=''
am__leading_dot='.'
am__nodep='_no'
am__quote=''
am__tar='$${TAR-tar} chof - "$$tardir"'
am__untar='$${TAR-tar} xf -'
bindir='${exec_prefix}/bin'
build='x86_64-pc-linux-gnu'
build_alias=''
build_cpu='x86_64'
build_os='linux-gnu'
build_vendor='pc'
datadir='${datarootdir}'
datarootdir='${prefix}/share'
docdir='${datarootdir}/doc/${PACKAGE_TARNAME}'
dvidir='${docdir}'
exec_prefix='${prefix}'
host='x86_64-pc-linux-gnu'
host_alias=''
host_cpu='x86_64'
host_os='linux-gnu'
host_vendor='pc'
htmldir='${docdir}'
includedir='${prefix}/include'
infodir='${datarootdir}/info'
install_sh='${SHELL} '\''/home/vincent/Dokumente/FH Steinfurt/Semester 5/Netzwerkprogrammierung/Praktikum/Versuch1/udp_examples/install-sh'\'''
libdir='${exec_prefix}/lib'
libexecdir='${exec_prefix}/libexec'
localedir='${datarootdir}/locale'
localstatedir='${prefix}/var'
mandir='${datarootdir}/man'
mkdir_p='$(MKDIR_P)'
oldincludedir='/usr/include'
pdfdir='${docdir}'
prefix='/usr/local'
program_transform_name='s,x,x,'
psdir='${docdir}'
runstatedir='${localstatedir}/run'
sbindir='${exec_prefix}/sbin'
sharedstatedir='${prefix}/com'
sysconfdir='${prefix}/etc'
target_alias=''

## ----------- ##
## confdefs.h. ##
## ----------- ##

/* confdefs.h */
#define PACKAGE_NAME "udp_examples"
#define PACKAGE_TARNAME "udp_examples"
#define PACKAGE_VERSION "1.1"
#define PACKAGE_STRING "udp_examples 1.1"
#define PACKAGE_BUGREPORT ""
#define PACKAGE_URL ""
#define PACKAGE "udp_examples"
#define VERSION "1.1"
#define STDC_HEADERS 1
#define HAVE_SYS_TYPES_H 1
#define HAVE_SYS_STAT_H 1
#define HAVE_STDLIB_H 1
#define HAVE_STRING_H 1
#define HAVE_MEMORY_H 1
#define HAVE_STRINGS_H 1
#define HAVE_INTTYPES_H 1
#define HAVE_STDINT_H 1
#define HAVE_UNISTD_H 1
#define HAVE_SOCKET 1
#define HAVE_INET_ADDR 1
#define HAVE_SYS_TYPES_H 1

configure: exit 0

## ---------------------- ##
## Running config.status. ##
## ---------------------- ##

This file was extended by udp_examples config.status 1.1, which was
generated by GNU Autoconf 2.69.  Invocation command line was

  CONFIG_FILES    = 
  CONFIG_HEADERS  = 
  CONFIG_LINKS    = 
  CONFIG_COMMANDS = 
  $ ./config.status 

on vincent-Surface-Pro-3

config.status:786: creating Makefile
config.status:958: executing depfiles commands
